2019-05-28 14:44:28,711 [Thread-2: 7540]C:\Program Files\Python\Lib\site-packages\django\db\backends\utils.py:execute:110 DEBUG - (0.015) SELECT @@SQL_AUTO_IS_NULL; args=None
2019-05-28 14:44:29,852 [Thread-2: 7540]C:\Program Files\Python\Lib\site-packages\django\db\backends\utils.py:execute:110 DEBUG - (0.009) SET SESSION TRANSACTION ISOLATION LEVEL READ COMMITTED; args=None
2019-05-28 14:44:29,862 [Thread-2: 7540]C:\Program Files\Python\Lib\site-packages\django\db\backends\utils.py:execute:110 DEBUG - (0.010) SELECT `apis_app`.`appid`, `apis_app`.`category`, `apis_app`.`application`, `apis_app`.`name`, `apis_app`.`publish_date`, `apis_app`.`url`, `apis_app`.`desc` FROM `apis_app`; args=()
2019-05-28 14:44:29,865 [Thread-2: 7540]C:\Program Files\Python\Lib\site-packages\django\core\servers\basehttp.py:log_message:154 INFO - "GET /api/v1.0/service/menu/list HTTP/1.1" 200 1126
2019-05-28 14:44:29,875 [Thread-3: 12980]C:\Program Files\Python\Lib\site-packages\django\core\servers\basehttp.py:log_message:154 INFO - "GET /api/v1.0/service/image/list HTTP/1.1" 200 329
2019-05-28 14:44:30,942 [Thread-4: 2868]C:\Program Files\Python\Lib\site-packages\django\db\backends\utils.py:execute:110 DEBUG - (0.007) SELECT @@SQL_AUTO_IS_NULL; args=None
2019-05-28 14:44:30,952 [Thread-4: 2868]C:\Program Files\Python\Lib\site-packages\django\db\backends\utils.py:execute:110 DEBUG - (0.009) SET SESSION TRANSACTION ISOLATION LEVEL READ COMMITTED; args=None
2019-05-28 14:44:30,963 [Thread-4: 2868]C:\Program Files\Python\Lib\site-packages\django\db\backends\utils.py:execute:110 DEBUG - (0.010) SELECT `apis_app`.`appid`, `apis_app`.`category`, `apis_app`.`application`, `apis_app`.`name`, `apis_app`.`publish_date`, `apis_app`.`url`, `apis_app`.`desc` FROM `apis_app`; args=()
2019-05-28 14:44:30,965 [Thread-4: 2868]C:\Program Files\Python\Lib\site-packages\django\core\servers\basehttp.py:log_message:154 INFO - "GET /api/v1.0/service/menu/list HTTP/1.1" 200 1126
2019-05-28 14:44:30,972 [Thread-5: 3576]C:\Program Files\Python\Lib\site-packages\django\core\servers\basehttp.py:log_message:154 INFO - "GET /api/v1.0/service/image/list HTTP/1.1" 200 329
2019-05-28 14:44:32,049 [Thread-6: 21268]C:\Program Files\Python\Lib\site-packages\django\db\backends\utils.py:execute:110 DEBUG - (0.010) SELECT @@SQL_AUTO_IS_NULL; args=None
2019-05-28 14:44:32,060 [Thread-6: 21268]C:\Program Files\Python\Lib\site-packages\django\db\backends\utils.py:execute:110 DEBUG - (0.010) SET SESSION TRANSACTION ISOLATION LEVEL READ COMMITTED; args=None
2019-05-28 14:44:32,076 [Thread-6: 21268]C:\Program Files\Python\Lib\site-packages\django\db\backends\utils.py:execute:110 DEBUG - (0.015) SELECT `apis_app`.`appid`, `apis_app`.`category`, `apis_app`.`application`, `apis_app`.`name`, `apis_app`.`publish_date`, `apis_app`.`url`, `apis_app`.`desc` FROM `apis_app`; args=()
2019-05-28 14:44:32,077 [Thread-6: 21268]C:\Program Files\Python\Lib\site-packages\django\core\servers\basehttp.py:log_message:154 INFO - "GET /api/v1.0/service/menu/list HTTP/1.1" 200 1126
2019-05-28 14:44:32,085 [Thread-7: 16400]C:\Program Files\Python\Lib\site-packages\django\core\servers\basehttp.py:log_message:154 INFO - "GET /api/v1.0/service/image/list HTTP/1.1" 200 329
2019-05-28 14:44:33,152 [Thread-8: 16796]C:\Program Files\Python\Lib\site-packages\django\db\backends\utils.py:execute:110 DEBUG - (0.012) SELECT @@SQL_AUTO_IS_NULL; args=None
2019-05-28 14:44:33,163 [Thread-8: 16796]C:\Program Files\Python\Lib\site-packages\django\db\backends\utils.py:execute:110 DEBUG - (0.011) SET SESSION TRANSACTION ISOLATION LEVEL READ COMMITTED; args=None
2019-05-28 14:44:33,173 [Thread-8: 16796]C:\Program Files\Python\Lib\site-packages\django\db\backends\utils.py:execute:110 DEBUG - (0.010) SELECT `apis_app`.`appid`, `apis_app`.`category`, `apis_app`.`application`, `apis_app`.`name`, `apis_app`.`publish_date`, `apis_app`.`url`, `apis_app`.`desc` FROM `apis_app`; args=()
2019-05-28 14:44:33,176 [Thread-8: 16796]C:\Program Files\Python\Lib\site-packages\django\core\servers\basehttp.py:log_message:154 INFO - "GET /api/v1.0/service/menu/list HTTP/1.1" 200 1126
2019-05-28 14:44:33,186 [Thread-9: 576]C:\Program Files\Python\Lib\site-packages\django\core\servers\basehttp.py:log_message:154 INFO - "GET /api/v1.0/service/image/list HTTP/1.1" 200 329
2019-05-28 14:44:34,264 [Thread-10: 23336]C:\Program Files\Python\Lib\site-packages\django\db\backends\utils.py:execute:110 DEBUG - (0.010) SELECT @@SQL_AUTO_IS_NULL; args=None
2019-05-28 14:44:34,275 [Thread-10: 23336]C:\Program Files\Python\Lib\site-packages\django\db\backends\utils.py:execute:110 DEBUG - (0.010) SET SESSION TRANSACTION ISOLATION LEVEL READ COMMITTED; args=None
2019-05-28 14:44:34,289 [Thread-10: 23336]C:\Program Files\Python\Lib\site-packages\django\db\backends\utils.py:execute:110 DEBUG - (0.013) SELECT `apis_app`.`appid`, `apis_app`.`category`, `apis_app`.`application`, `apis_app`.`name`, `apis_app`.`publish_date`, `apis_app`.`url`, `apis_app`.`desc` FROM `apis_app`; args=()
2019-05-28 14:44:34,291 [Thread-10: 23336]C:\Program Files\Python\Lib\site-packages\django\core\servers\basehttp.py:log_message:154 INFO - "GET /api/v1.0/service/menu/list HTTP/1.1" 200 1126
2019-05-28 14:44:34,302 [Thread-11: 16000]C:\Program Files\Python\Lib\site-packages\django\core\servers\basehttp.py:log_message:154 INFO - "GET /api/v1.0/service/image/list HTTP/1.1" 200 329
2019-05-28 14:44:35,375 [Thread-12: 20536]C:\Program Files\Python\Lib\site-packages\django\db\backends\utils.py:execute:110 DEBUG - (0.008) SELECT @@SQL_AUTO_IS_NULL; args=None
2019-05-28 14:44:35,385 [Thread-12: 20536]C:\Program Files\Python\Lib\site-packages\django\db\backends\utils.py:execute:110 DEBUG - (0.009) SET SESSION TRANSACTION ISOLATION LEVEL READ COMMITTED; args=None
2019-05-28 14:44:35,395 [Thread-12: 20536]C:\Program Files\Python\Lib\site-packages\django\db\backends\utils.py:execute:110 DEBUG - (0.010) SELECT `apis_app`.`appid`, `apis_app`.`category`, `apis_app`.`application`, `apis_app`.`name`, `apis_app`.`publish_date`, `apis_app`.`url`, `apis_app`.`desc` FROM `apis_app`; args=()
2019-05-28 14:44:35,397 [Thread-12: 20536]C:\Program Files\Python\Lib\site-packages\django\core\servers\basehttp.py:log_message:154 INFO - "GET /api/v1.0/service/menu/list HTTP/1.1" 200 1126
2019-05-28 14:44:35,405 [Thread-13: 20308]C:\Program Files\Python\Lib\site-packages\django\core\servers\basehttp.py:log_message:154 INFO - "GET /api/v1.0/service/image/list HTTP/1.1" 200 329
2019-05-28 14:44:36,468 [Thread-14: 2404]C:\Program Files\Python\Lib\site-packages\django\db\backends\utils.py:execute:110 DEBUG - (0.008) SELECT @@SQL_AUTO_IS_NULL; args=None
2019-05-28 14:44:36,478 [Thread-14: 2404]C:\Program Files\Python\Lib\site-packages\django\db\backends\utils.py:execute:110 DEBUG - (0.009) SET SESSION TRANSACTION ISOLATION LEVEL READ COMMITTED; args=None
2019-05-28 14:44:36,488 [Thread-14: 2404]C:\Program Files\Python\Lib\site-packages\django\db\backends\utils.py:execute:110 DEBUG - (0.010) SELECT `apis_app`.`appid`, `apis_app`.`category`, `apis_app`.`application`, `apis_app`.`name`, `apis_app`.`publish_date`, `apis_app`.`url`, `apis_app`.`desc` FROM `apis_app`; args=()
2019-05-28 14:44:36,490 [Thread-14: 2404]C:\Program Files\Python\Lib\site-packages\django\core\servers\basehttp.py:log_message:154 INFO - "GET /api/v1.0/service/menu/list HTTP/1.1" 200 1126
2019-05-28 14:44:36,507 [Thread-15: 19868]C:\Program Files\Python\Lib\site-packages\django\core\servers\basehttp.py:log_message:154 INFO - "GET /api/v1.0/service/image/list HTTP/1.1" 200 329
2019-05-28 14:44:37,577 [Thread-16: 3188]C:\Program Files\Python\Lib\site-packages\django\db\backends\utils.py:execute:110 DEBUG - (0.007) SELECT @@SQL_AUTO_IS_NULL; args=None
2019-05-28 14:44:37,586 [Thread-16: 3188]C:\Program Files\Python\Lib\site-packages\django\db\backends\utils.py:execute:110 DEBUG - (0.008) SET SESSION TRANSACTION ISOLATION LEVEL READ COMMITTED; args=None
2019-05-28 14:44:37,598 [Thread-16: 3188]C:\Program Files\Python\Lib\site-packages\django\db\backends\utils.py:execute:110 DEBUG - (0.012) SELECT `apis_app`.`appid`, `apis_app`.`category`, `apis_app`.`application`, `apis_app`.`name`, `apis_app`.`publish_date`, `apis_app`.`url`, `apis_app`.`desc` FROM `apis_app`; args=()
2019-05-28 14:44:37,600 [Thread-16: 3188]C:\Program Files\Python\Lib\site-packages\django\core\servers\basehttp.py:log_message:154 INFO - "GET /api/v1.0/service/menu/list HTTP/1.1" 200 1126
2019-05-28 14:44:37,610 [Thread-17: 16788]C:\Program Files\Python\Lib\site-packages\django\core\servers\basehttp.py:log_message:154 INFO - "GET /api/v1.0/service/image/list HTTP/1.1" 200 329
2019-05-28 14:44:38,694 [Thread-18: 15664]C:\Program Files\Python\Lib\site-packages\django\db\backends\utils.py:execute:110 DEBUG - (0.011) SELECT @@SQL_AUTO_IS_NULL; args=None
2019-05-28 14:44:38,703 [Thread-18: 15664]C:\Program Files\Python\Lib\site-packages\django\db\backends\utils.py:execute:110 DEBUG - (0.008) SET SESSION TRANSACTION ISOLATION LEVEL READ COMMITTED; args=None
2019-05-28 14:44:38,713 [Thread-18: 15664]C:\Program Files\Python\Lib\site-packages\django\db\backends\utils.py:execute:110 DEBUG - (0.010) SELECT `apis_app`.`appid`, `apis_app`.`category`, `apis_app`.`application`, `apis_app`.`name`, `apis_app`.`publish_date`, `apis_app`.`url`, `apis_app`.`desc` FROM `apis_app`; args=()
2019-05-28 14:44:38,715 [Thread-18: 15664]C:\Program Files\Python\Lib\site-packages\django\core\servers\basehttp.py:log_message:154 INFO - "GET /api/v1.0/service/menu/list HTTP/1.1" 200 1126
2019-05-28 14:44:38,724 [Thread-19: 15644]C:\Program Files\Python\Lib\site-packages\django\core\servers\basehttp.py:log_message:154 INFO - "GET /api/v1.0/service/image/list HTTP/1.1" 200 329
2019-05-28 14:44:39,804 [Thread-20: 3380]C:\Program Files\Python\Lib\site-packages\django\db\backends\utils.py:execute:110 DEBUG - (0.009) SELECT @@SQL_AUTO_IS_NULL; args=None
2019-05-28 14:44:39,816 [Thread-20: 3380]C:\Program Files\Python\Lib\site-packages\django\db\backends\utils.py:execute:110 DEBUG - (0.012) SET SESSION TRANSACTION ISOLATION LEVEL READ COMMITTED; args=None
2019-05-28 14:44:39,828 [Thread-20: 3380]C:\Program Files\Python\Lib\site-packages\django\db\backends\utils.py:execute:110 DEBUG - (0.011) SELECT `apis_app`.`appid`, `apis_app`.`category`, `apis_app`.`application`, `apis_app`.`name`, `apis_app`.`publish_date`, `apis_app`.`url`, `apis_app`.`desc` FROM `apis_app`; args=()
2019-05-28 14:44:39,830 [Thread-20: 3380]C:\Program Files\Python\Lib\site-packages\django\core\servers\basehttp.py:log_message:154 INFO - "GET /api/v1.0/service/menu/list HTTP/1.1" 200 1126
2019-05-28 14:44:39,838 [Thread-21: 16748]C:\Program Files\Python\Lib\site-packages\django\core\servers\basehttp.py:log_message:154 INFO - "GET /api/v1.0/service/image/list HTTP/1.1" 200 329
2019-05-28 14:44:40,908 [Thread-22: 16520]C:\Program Files\Python\Lib\site-packages\django\db\backends\utils.py:execute:110 DEBUG - (0.009) SELECT @@SQL_AUTO_IS_NULL; args=None
2019-05-28 14:44:40,922 [Thread-22: 16520]C:\Program Files\Python\Lib\site-packages\django\db\backends\utils.py:execute:110 DEBUG - (0.013) SET SESSION TRANSACTION ISOLATION LEVEL READ COMMITTED; args=None
2019-05-28 14:44:40,935 [Thread-22: 16520]C:\Program Files\Python\Lib\site-packages\django\db\backends\utils.py:execute:110 DEBUG - (0.013) SELECT `apis_app`.`appid`, `apis_app`.`category`, `apis_app`.`application`, `apis_app`.`name`, `apis_app`.`publish_date`, `apis_app`.`url`, `apis_app`.`desc` FROM `apis_app`; args=()
2019-05-28 14:44:40,937 [Thread-22: 16520]C:\Program Files\Python\Lib\site-packages\django\core\servers\basehttp.py:log_message:154 INFO - "GET /api/v1.0/service/menu/list HTTP/1.1" 200 1126
2019-05-28 14:44:40,946 [Thread-23: 20544]C:\Program Files\Python\Lib\site-packages\django\core\servers\basehttp.py:log_message:154 INFO - "GET /api/v1.0/service/image/list HTTP/1.1" 200 329
2019-05-28 14:44:42,008 [Thread-24: 21236]C:\Program Files\Python\Lib\site-packages\django\db\backends\utils.py:execute:110 DEBUG - (0.007) SELECT @@SQL_AUTO_IS_NULL; args=None
2019-05-28 14:44:42,028 [Thread-24: 21236]C:\Program Files\Python\Lib\site-packages\django\db\backends\utils.py:execute:110 DEBUG - (0.019) SET SESSION TRANSACTION ISOLATION LEVEL READ COMMITTED; args=None
2019-05-28 14:44:42,039 [Thread-24: 21236]C:\Program Files\Python\Lib\site-packages\django\db\backends\utils.py:execute:110 DEBUG - (0.011) SELECT `apis_app`.`appid`, `apis_app`.`category`, `apis_app`.`application`, `apis_app`.`name`, `apis_app`.`publish_date`, `apis_app`.`url`, `apis_app`.`desc` FROM `apis_app`; args=()
2019-05-28 14:44:42,041 [Thread-24: 21236]C:\Program Files\Python\Lib\site-packages\django\core\servers\basehttp.py:log_message:154 INFO - "GET /api/v1.0/service/menu/list HTTP/1.1" 200 1126
2019-05-28 14:44:42,047 [Thread-25: 12840]C:\Program Files\Python\Lib\site-packages\django\core\servers\basehttp.py:log_message:154 INFO - "GET /api/v1.0/service/image/list HTTP/1.1" 200 329
2019-05-28 14:44:43,125 [Thread-26: 15728]C:\Program Files\Python\Lib\site-packages\django\db\backends\utils.py:execute:110 DEBUG - (0.012) SELECT @@SQL_AUTO_IS_NULL; args=None
2019-05-28 14:44:43,135 [Thread-26: 15728]C:\Program Files\Python\Lib\site-packages\django\db\backends\utils.py:execute:110 DEBUG - (0.009) SET SESSION TRANSACTION ISOLATION LEVEL READ COMMITTED; args=None
2019-05-28 14:44:43,148 [Thread-26: 15728]C:\Program Files\Python\Lib\site-packages\django\db\backends\utils.py:execute:110 DEBUG - (0.012) SELECT `apis_app`.`appid`, `apis_app`.`category`, `apis_app`.`application`, `apis_app`.`name`, `apis_app`.`publish_date`, `apis_app`.`url`, `apis_app`.`desc` FROM `apis_app`; args=()
2019-05-28 14:44:43,150 [Thread-26: 15728]C:\Program Files\Python\Lib\site-packages\django\core\servers\basehttp.py:log_message:154 INFO - "GET /api/v1.0/service/menu/list HTTP/1.1" 200 1126
2019-05-28 14:44:43,164 [Thread-27: 544]C:\Program Files\Python\Lib\site-packages\django\core\servers\basehttp.py:log_message:154 INFO - "GET /api/v1.0/service/image/list HTTP/1.1" 200 329
2019-05-28 14:44:44,235 [Thread-28: 15328]C:\Program Files\Python\Lib\site-packages\django\db\backends\utils.py:execute:110 DEBUG - (0.010) SELECT @@SQL_AUTO_IS_NULL; args=None
2019-05-28 14:44:44,246 [Thread-28: 15328]C:\Program Files\Python\Lib\site-packages\django\db\backends\utils.py:execute:110 DEBUG - (0.011) SET SESSION TRANSACTION ISOLATION LEVEL READ COMMITTED; args=None
2019-05-28 14:44:44,259 [Thread-28: 15328]C:\Program Files\Python\Lib\site-packages\django\db\backends\utils.py:execute:110 DEBUG - (0.012) SELECT `apis_app`.`appid`, `apis_app`.`category`, `apis_app`.`application`, `apis_app`.`name`, `apis_app`.`publish_date`, `apis_app`.`url`, `apis_app`.`desc` FROM `apis_app`; args=()
2019-05-28 14:44:44,261 [Thread-28: 15328]C:\Program Files\Python\Lib\site-packages\django\core\servers\basehttp.py:log_message:154 INFO - "GET /api/v1.0/service/menu/list HTTP/1.1" 200 1126
2019-05-28 14:44:44,270 [Thread-29: 22348]C:\Program Files\Python\Lib\site-packages\django\core\servers\basehttp.py:log_message:154 INFO - "GET /api/v1.0/service/image/list HTTP/1.1" 200 329
2019-05-28 14:44:45,354 [Thread-30: 19164]C:\Program Files\Python\Lib\site-packages\django\db\backends\utils.py:execute:110 DEBUG - (0.008) SELECT @@SQL_AUTO_IS_NULL; args=None
2019-05-28 14:44:45,364 [Thread-30: 19164]C:\Program Files\Python\Lib\site-packages\django\db\backends\utils.py:execute:110 DEBUG - (0.009) SET SESSION TRANSACTION ISOLATION LEVEL READ COMMITTED; args=None
2019-05-28 14:44:45,375 [Thread-30: 19164]C:\Program Files\Python\Lib\site-packages\django\db\backends\utils.py:execute:110 DEBUG - (0.011) SELECT `apis_app`.`appid`, `apis_app`.`category`, `apis_app`.`application`, `apis_app`.`name`, `apis_app`.`publish_date`, `apis_app`.`url`, `apis_app`.`desc` FROM `apis_app`; args=()
2019-05-28 14:44:45,379 [Thread-30: 19164]C:\Program Files\Python\Lib\site-packages\django\core\servers\basehttp.py:log_message:154 INFO - "GET /api/v1.0/service/menu/list HTTP/1.1" 200 1126
2019-05-28 14:44:45,386 [Thread-31: 21516]C:\Program Files\Python\Lib\site-packages\django\core\servers\basehttp.py:log_message:154 INFO - "GET /api/v1.0/service/image/list HTTP/1.1" 200 329
2019-05-28 14:44:46,453 [Thread-32: 10804]C:\Program Files\Python\Lib\site-packages\django\db\backends\utils.py:execute:110 DEBUG - (0.011) SELECT @@SQL_AUTO_IS_NULL; args=None
2019-05-28 14:44:46,464 [Thread-32: 10804]C:\Program Files\Python\Lib\site-packages\django\db\backends\utils.py:execute:110 DEBUG - (0.010) SET SESSION TRANSACTION ISOLATION LEVEL READ COMMITTED; args=None
2019-05-28 14:44:46,474 [Thread-32: 10804]C:\Program Files\Python\Lib\site-packages\django\db\backends\utils.py:execute:110 DEBUG - (0.010) SELECT `apis_app`.`appid`, `apis_app`.`category`, `apis_app`.`application`, `apis_app`.`name`, `apis_app`.`publish_date`, `apis_app`.`url`, `apis_app`.`desc` FROM `apis_app`; args=()
2019-05-28 14:44:46,476 [Thread-32: 10804]C:\Program Files\Python\Lib\site-packages\django\core\servers\basehttp.py:log_message:154 INFO - "GET /api/v1.0/service/menu/list HTTP/1.1" 200 1126
2019-05-28 14:44:46,483 [Thread-33: 20488]C:\Program Files\Python\Lib\site-packages\django\core\servers\basehttp.py:log_message:154 INFO - "GET /api/v1.0/service/image/list HTTP/1.1" 200 329
2019-05-28 14:44:47,557 [Thread-34: 11816]C:\Program Files\Python\Lib\site-packages\django\db\backends\utils.py:execute:110 DEBUG - (0.010) SELECT @@SQL_AUTO_IS_NULL; args=None
2019-05-28 14:44:47,568 [Thread-34: 11816]C:\Program Files\Python\Lib\site-packages\django\db\backends\utils.py:execute:110 DEBUG - (0.010) SET SESSION TRANSACTION ISOLATION LEVEL READ COMMITTED; args=None
2019-05-28 14:44:47,609 [Thread-34: 11816]C:\Program Files\Python\Lib\site-packages\django\db\backends\utils.py:execute:110 DEBUG - (0.041) SELECT `apis_app`.`appid`, `apis_app`.`category`, `apis_app`.`application`, `apis_app`.`name`, `apis_app`.`publish_date`, `apis_app`.`url`, `apis_app`.`desc` FROM `apis_app`; args=()
2019-05-28 14:44:47,611 [Thread-34: 11816]C:\Program Files\Python\Lib\site-packages\django\core\servers\basehttp.py:log_message:154 INFO - "GET /api/v1.0/service/menu/list HTTP/1.1" 200 1126
2019-05-28 14:44:47,621 [Thread-35: 22608]C:\Program Files\Python\Lib\site-packages\django\core\servers\basehttp.py:log_message:154 INFO - "GET /api/v1.0/service/image/list HTTP/1.1" 200 329
2019-05-28 14:44:48,729 [Thread-36: 21528]C:\Program Files\Python\Lib\site-packages\django\db\backends\utils.py:execute:110 DEBUG - (0.011) SELECT @@SQL_AUTO_IS_NULL; args=None
2019-05-28 14:44:48,738 [Thread-36: 21528]C:\Program Files\Python\Lib\site-packages\django\db\backends\utils.py:execute:110 DEBUG - (0.008) SET SESSION TRANSACTION ISOLATION LEVEL READ COMMITTED; args=None
2019-05-28 14:44:48,749 [Thread-36: 21528]C:\Program Files\Python\Lib\site-packages\django\db\backends\utils.py:execute:110 DEBUG - (0.010) SELECT `apis_app`.`appid`, `apis_app`.`category`, `apis_app`.`application`, `apis_app`.`name`, `apis_app`.`publish_date`, `apis_app`.`url`, `apis_app`.`desc` FROM `apis_app`; args=()
2019-05-28 14:44:48,752 [Thread-36: 21528]C:\Program Files\Python\Lib\site-packages\django\core\servers\basehttp.py:log_message:154 INFO - "GET /api/v1.0/service/menu/list HTTP/1.1" 200 1126
2019-05-28 14:44:48,790 [Thread-37: 19984]C:\Program Files\Python\Lib\site-packages\django\core\servers\basehttp.py:log_message:154 INFO - "GET /api/v1.0/service/image/list HTTP/1.1" 200 329
2019-05-28 14:44:49,864 [Thread-38: 5740]C:\Program Files\Python\Lib\site-packages\django\db\backends\utils.py:execute:110 DEBUG - (0.011) SELECT @@SQL_AUTO_IS_NULL; args=None
2019-05-28 14:44:49,879 [Thread-38: 5740]C:\Program Files\Python\Lib\site-packages\django\db\backends\utils.py:execute:110 DEBUG - (0.015) SET SESSION TRANSACTION ISOLATION LEVEL READ COMMITTED; args=None
2019-05-28 14:44:49,891 [Thread-38: 5740]C:\Program Files\Python\Lib\site-packages\django\db\backends\utils.py:execute:110 DEBUG - (0.011) SELECT `apis_app`.`appid`, `apis_app`.`category`, `apis_app`.`application`, `apis_app`.`name`, `apis_app`.`publish_date`, `apis_app`.`url`, `apis_app`.`desc` FROM `apis_app`; args=()
2019-05-28 14:44:49,893 [Thread-38: 5740]C:\Program Files\Python\Lib\site-packages\django\core\servers\basehttp.py:log_message:154 INFO - "GET /api/v1.0/service/menu/list HTTP/1.1" 200 1126
2019-05-28 14:44:49,900 [Thread-39: 19812]C:\Program Files\Python\Lib\site-packages\django\core\servers\basehttp.py:log_message:154 INFO - "GET /api/v1.0/service/image/list HTTP/1.1" 200 329
2019-05-28 14:44:50,960 [Thread-40: 18408]C:\Program Files\Python\Lib\site-packages\django\db\backends\utils.py:execute:110 DEBUG - (0.008) SELECT @@SQL_AUTO_IS_NULL; args=None
2019-05-28 14:44:50,970 [Thread-40: 18408]C:\Program Files\Python\Lib\site-packages\django\db\backends\utils.py:execute:110 DEBUG - (0.009) SET SESSION TRANSACTION ISOLATION LEVEL READ COMMITTED; args=None
2019-05-28 14:44:50,981 [Thread-40: 18408]C:\Program Files\Python\Lib\site-packages\django\db\backends\utils.py:execute:110 DEBUG - (0.010) SELECT `apis_app`.`appid`, `apis_app`.`category`, `apis_app`.`application`, `apis_app`.`name`, `apis_app`.`publish_date`, `apis_app`.`url`, `apis_app`.`desc` FROM `apis_app`; args=()
2019-05-28 14:44:50,984 [Thread-40: 18408]C:\Program Files\Python\Lib\site-packages\django\core\servers\basehttp.py:log_message:154 INFO - "GET /api/v1.0/service/menu/list HTTP/1.1" 200 1126
2019-05-28 14:44:50,994 [Thread-41: 14264]C:\Program Files\Python\Lib\site-packages\django\core\servers\basehttp.py:log_message:154 INFO - "GET /api/v1.0/service/image/list HTTP/1.1" 200 329
2019-05-28 14:44:52,082 [Thread-42: 21372]C:\Program Files\Python\Lib\site-packages\django\db\backends\utils.py:execute:110 DEBUG - (0.015) SELECT @@SQL_AUTO_IS_NULL; args=None
2019-05-28 14:44:52,094 [Thread-42: 21372]C:\Program Files\Python\Lib\site-packages\django\db\backends\utils.py:execute:110 DEBUG - (0.011) SET SESSION TRANSACTION ISOLATION LEVEL READ COMMITTED; args=None
2019-05-28 14:44:52,106 [Thread-42: 21372]C:\Program Files\Python\Lib\site-packages\django\db\backends\utils.py:execute:110 DEBUG - (0.012) SELECT `apis_app`.`appid`, `apis_app`.`category`, `apis_app`.`application`, `apis_app`.`name`, `apis_app`.`publish_date`, `apis_app`.`url`, `apis_app`.`desc` FROM `apis_app`; args=()
2019-05-28 14:44:52,109 [Thread-42: 21372]C:\Program Files\Python\Lib\site-packages\django\core\servers\basehttp.py:log_message:154 INFO - "GET /api/v1.0/service/menu/list HTTP/1.1" 200 1126
2019-05-28 14:44:52,128 [Thread-43: 17888]C:\Program Files\Python\Lib\site-packages\django\core\servers\basehttp.py:log_message:154 INFO - "GET /api/v1.0/service/image/list HTTP/1.1" 200 329
2019-05-28 14:44:53,208 [Thread-44: 2696]C:\Program Files\Python\Lib\site-packages\django\db\backends\utils.py:execute:110 DEBUG - (0.011) SELECT @@SQL_AUTO_IS_NULL; args=None
2019-05-28 14:44:53,218 [Thread-44: 2696]C:\Program Files\Python\Lib\site-packages\django\db\backends\utils.py:execute:110 DEBUG - (0.009) SET SESSION TRANSACTION ISOLATION LEVEL READ COMMITTED; args=None
2019-05-28 14:44:53,230 [Thread-44: 2696]C:\Program Files\Python\Lib\site-packages\django\db\backends\utils.py:execute:110 DEBUG - (0.012) SELECT `apis_app`.`appid`, `apis_app`.`category`, `apis_app`.`application`, `apis_app`.`name`, `apis_app`.`publish_date`, `apis_app`.`url`, `apis_app`.`desc` FROM `apis_app`; args=()
2019-05-28 14:44:53,233 [Thread-44: 2696]C:\Program Files\Python\Lib\site-packages\django\core\servers\basehttp.py:log_message:154 INFO - "GET /api/v1.0/service/menu/list HTTP/1.1" 200 1126
2019-05-28 14:44:53,252 [Thread-45: 6844]C:\Program Files\Python\Lib\site-packages\django\core\servers\basehttp.py:log_message:154 INFO - "GET /api/v1.0/service/image/list HTTP/1.1" 200 329
2019-05-28 14:44:54,335 [Thread-46: 8172]C:\Program Files\Python\Lib\site-packages\django\db\backends\utils.py:execute:110 DEBUG - (0.017) SELECT @@SQL_AUTO_IS_NULL; args=None
2019-05-28 14:44:54,352 [Thread-46: 8172]C:\Program Files\Python\Lib\site-packages\django\db\backends\utils.py:execute:110 DEBUG - (0.016) SET SESSION TRANSACTION ISOLATION LEVEL READ COMMITTED; args=None
2019-05-28 14:44:54,365 [Thread-46: 8172]C:\Program Files\Python\Lib\site-packages\django\db\backends\utils.py:execute:110 DEBUG - (0.013) SELECT `apis_app`.`appid`, `apis_app`.`category`, `apis_app`.`application`, `apis_app`.`name`, `apis_app`.`publish_date`, `apis_app`.`url`, `apis_app`.`desc` FROM `apis_app`; args=()
2019-05-28 14:44:54,367 [Thread-46: 8172]C:\Program Files\Python\Lib\site-packages\django\core\servers\basehttp.py:log_message:154 INFO - "GET /api/v1.0/service/menu/list HTTP/1.1" 200 1126
2019-05-28 14:44:54,377 [Thread-47: 11452]C:\Program Files\Python\Lib\site-packages\django\core\servers\basehttp.py:log_message:154 INFO - "GET /api/v1.0/service/image/list HTTP/1.1" 200 329
2019-05-28 14:44:55,454 [Thread-48: 6984]C:\Program Files\Python\Lib\site-packages\django\db\backends\utils.py:execute:110 DEBUG - (0.011) SELECT @@SQL_AUTO_IS_NULL; args=None
2019-05-28 14:44:55,466 [Thread-48: 6984]C:\Program Files\Python\Lib\site-packages\django\db\backends\utils.py:execute:110 DEBUG - (0.011) SET SESSION TRANSACTION ISOLATION LEVEL READ COMMITTED; args=None
2019-05-28 14:44:55,484 [Thread-48: 6984]C:\Program Files\Python\Lib\site-packages\django\db\backends\utils.py:execute:110 DEBUG - (0.018) SELECT `apis_app`.`appid`, `apis_app`.`category`, `apis_app`.`application`, `apis_app`.`name`, `apis_app`.`publish_date`, `apis_app`.`url`, `apis_app`.`desc` FROM `apis_app`; args=()
2019-05-28 14:44:55,486 [Thread-48: 6984]C:\Program Files\Python\Lib\site-packages\django\core\servers\basehttp.py:log_message:154 INFO - "GET /api/v1.0/service/menu/list HTTP/1.1" 200 1126
2019-05-28 14:44:55,512 [Thread-49: 20248]C:\Program Files\Python\Lib\site-packages\django\core\servers\basehttp.py:log_message:154 INFO - "GET /api/v1.0/service/image/list HTTP/1.1" 200 329
2019-05-28 14:44:56,592 [Thread-50: 15184]C:\Program Files\Python\Lib\site-packages\django\db\backends\utils.py:execute:110 DEBUG - (0.010) SELECT @@SQL_AUTO_IS_NULL; args=None
2019-05-28 14:44:56,605 [Thread-50: 15184]C:\Program Files\Python\Lib\site-packages\django\db\backends\utils.py:execute:110 DEBUG - (0.012) SET SESSION TRANSACTION ISOLATION LEVEL READ COMMITTED; args=None
2019-05-28 14:44:56,618 [Thread-50: 15184]C:\Program Files\Python\Lib\site-packages\django\db\backends\utils.py:execute:110 DEBUG - (0.013) SELECT `apis_app`.`appid`, `apis_app`.`category`, `apis_app`.`application`, `apis_app`.`name`, `apis_app`.`publish_date`, `apis_app`.`url`, `apis_app`.`desc` FROM `apis_app`; args=()
2019-05-28 14:44:56,620 [Thread-50: 15184]C:\Program Files\Python\Lib\site-packages\django\core\servers\basehttp.py:log_message:154 INFO - "GET /api/v1.0/service/menu/list HTTP/1.1" 200 1126
2019-05-28 14:44:56,633 [Thread-51: 15060]C:\Program Files\Python\Lib\site-packages\django\core\servers\basehttp.py:log_message:154 INFO - "GET /api/v1.0/service/image/list HTTP/1.1" 200 329
2019-05-28 14:44:57,694 [Thread-52: 6464]C:\Program Files\Python\Lib\site-packages\django\db\backends\utils.py:execute:110 DEBUG - (0.008) SELECT @@SQL_AUTO_IS_NULL; args=None
2019-05-28 14:44:57,702 [Thread-52: 6464]C:\Program Files\Python\Lib\site-packages\django\db\backends\utils.py:execute:110 DEBUG - (0.007) SET SESSION TRANSACTION ISOLATION LEVEL READ COMMITTED; args=None
2019-05-28 14:44:57,713 [Thread-52: 6464]C:\Program Files\Python\Lib\site-packages\django\db\backends\utils.py:execute:110 DEBUG - (0.009) SELECT `apis_app`.`appid`, `apis_app`.`category`, `apis_app`.`application`, `apis_app`.`name`, `apis_app`.`publish_date`, `apis_app`.`url`, `apis_app`.`desc` FROM `apis_app`; args=()
2019-05-28 14:44:57,716 [Thread-52: 6464]C:\Program Files\Python\Lib\site-packages\django\core\servers\basehttp.py:log_message:154 INFO - "GET /api/v1.0/service/menu/list HTTP/1.1" 200 1126
2019-05-28 14:44:57,727 [Thread-53: 14948]C:\Program Files\Python\Lib\site-packages\django\core\servers\basehttp.py:log_message:154 INFO - "GET /api/v1.0/service/image/list HTTP/1.1" 200 329
2019-05-28 14:44:58,793 [Thread-54: 6388]C:\Program Files\Python\Lib\site-packages\django\db\backends\utils.py:execute:110 DEBUG - (0.008) SELECT @@SQL_AUTO_IS_NULL; args=None
2019-05-28 14:44:58,802 [Thread-54: 6388]C:\Program Files\Python\Lib\site-packages\django\db\backends\utils.py:execute:110 DEBUG - (0.008) SET SESSION TRANSACTION ISOLATION LEVEL READ COMMITTED; args=None
2019-05-28 14:44:58,812 [Thread-54: 6388]C:\Program Files\Python\Lib\site-packages\django\db\backends\utils.py:execute:110 DEBUG - (0.010) SELECT `apis_app`.`appid`, `apis_app`.`category`, `apis_app`.`application`, `apis_app`.`name`, `apis_app`.`publish_date`, `apis_app`.`url`, `apis_app`.`desc` FROM `apis_app`; args=()
2019-05-28 14:44:58,815 [Thread-54: 6388]C:\Program Files\Python\Lib\site-packages\django\core\servers\basehttp.py:log_message:154 INFO - "GET /api/v1.0/service/menu/list HTTP/1.1" 200 1126
2019-05-28 14:44:58,824 [Thread-55: 15024]C:\Program Files\Python\Lib\site-packages\django\core\servers\basehttp.py:log_message:154 INFO - "GET /api/v1.0/service/image/list HTTP/1.1" 200 329
2019-05-28 14:44:59,896 [Thread-56: 20240]C:\Program Files\Python\Lib\site-packages\django\db\backends\utils.py:execute:110 DEBUG - (0.012) SELECT @@SQL_AUTO_IS_NULL; args=None
2019-05-28 14:44:59,905 [Thread-56: 20240]C:\Program Files\Python\Lib\site-packages\django\db\backends\utils.py:execute:110 DEBUG - (0.009) SET SESSION TRANSACTION ISOLATION LEVEL READ COMMITTED; args=None
2019-05-28 14:44:59,917 [Thread-56: 20240]C:\Program Files\Python\Lib\site-packages\django\db\backends\utils.py:execute:110 DEBUG - (0.012) SELECT `apis_app`.`appid`, `apis_app`.`category`, `apis_app`.`application`, `apis_app`.`name`, `apis_app`.`publish_date`, `apis_app`.`url`, `apis_app`.`desc` FROM `apis_app`; args=()
2019-05-28 14:44:59,919 [Thread-56: 20240]C:\Program Files\Python\Lib\site-packages\django\core\servers\basehttp.py:log_message:154 INFO - "GET /api/v1.0/service/menu/list HTTP/1.1" 200 1126
2019-05-28 14:44:59,927 [Thread-57: 20956]C:\Program Files\Python\Lib\site-packages\django\core\servers\basehttp.py:log_message:154 INFO - "GET /api/v1.0/service/image/list HTTP/1.1" 200 329
2019-05-28 14:45:01,011 [Thread-58: 8888]C:\Program Files\Python\Lib\site-packages\django\db\backends\utils.py:execute:110 DEBUG - (0.012) SELECT @@SQL_AUTO_IS_NULL; args=None
2019-05-28 14:45:01,025 [Thread-58: 8888]C:\Program Files\Python\Lib\site-packages\django\db\backends\utils.py:execute:110 DEBUG - (0.013) SET SESSION TRANSACTION ISOLATION LEVEL READ COMMITTED; args=None
2019-05-28 14:45:01,041 [Thread-58: 8888]C:\Program Files\Python\Lib\site-packages\django\db\backends\utils.py:execute:110 DEBUG - (0.015) SELECT `apis_app`.`appid`, `apis_app`.`category`, `apis_app`.`application`, `apis_app`.`name`, `apis_app`.`publish_date`, `apis_app`.`url`, `apis_app`.`desc` FROM `apis_app`; args=()
2019-05-28 14:45:01,043 [Thread-58: 8888]C:\Program Files\Python\Lib\site-packages\django\core\servers\basehttp.py:log_message:154 INFO - "GET /api/v1.0/service/menu/list HTTP/1.1" 200 1126
2019-05-28 14:45:01,051 [Thread-59: 18844]C:\Program Files\Python\Lib\site-packages\django\core\servers\basehttp.py:log_message:154 INFO - "GET /api/v1.0/service/image/list HTTP/1.1" 200 329
2019-05-28 14:45:02,121 [Thread-60: 16972]C:\Program Files\Python\Lib\site-packages\django\db\backends\utils.py:execute:110 DEBUG - (0.010) SELECT @@SQL_AUTO_IS_NULL; args=None
2019-05-28 14:45:02,135 [Thread-60: 16972]C:\Program Files\Python\Lib\site-packages\django\db\backends\utils.py:execute:110 DEBUG - (0.013) SET SESSION TRANSACTION ISOLATION LEVEL READ COMMITTED; args=None
2019-05-28 14:45:02,154 [Thread-60: 16972]C:\Program Files\Python\Lib\site-packages\django\db\backends\utils.py:execute:110 DEBUG - (0.018) SELECT `apis_app`.`appid`, `apis_app`.`category`, `apis_app`.`application`, `apis_app`.`name`, `apis_app`.`publish_date`, `apis_app`.`url`, `apis_app`.`desc` FROM `apis_app`; args=()
2019-05-28 14:45:02,156 [Thread-60: 16972]C:\Program Files\Python\Lib\site-packages\django\core\servers\basehttp.py:log_message:154 INFO - "GET /api/v1.0/service/menu/list HTTP/1.1" 200 1126
2019-05-28 14:45:02,170 [Thread-61: 21364]C:\Program Files\Python\Lib\site-packages\django\core\servers\basehttp.py:log_message:154 INFO - "GET /api/v1.0/service/image/list HTTP/1.1" 200 329
2019-05-28 14:45:03,243 [Thread-62: 15512]C:\Program Files\Python\Lib\site-packages\django\db\backends\utils.py:execute:110 DEBUG - (0.009) SELECT @@SQL_AUTO_IS_NULL; args=None
2019-05-28 14:45:03,259 [Thread-62: 15512]C:\Program Files\Python\Lib\site-packages\django\db\backends\utils.py:execute:110 DEBUG - (0.015) SET SESSION TRANSACTION ISOLATION LEVEL READ COMMITTED; args=None
2019-05-28 14:45:03,273 [Thread-62: 15512]C:\Program Files\Python\Lib\site-packages\django\db\backends\utils.py:execute:110 DEBUG - (0.014) SELECT `apis_app`.`appid`, `apis_app`.`category`, `apis_app`.`application`, `apis_app`.`name`, `apis_app`.`publish_date`, `apis_app`.`url`, `apis_app`.`desc` FROM `apis_app`; args=()
2019-05-28 14:45:03,275 [Thread-62: 15512]C:\Program Files\Python\Lib\site-packages\django\core\servers\basehttp.py:log_message:154 INFO - "GET /api/v1.0/service/menu/list HTTP/1.1" 200 1126
2019-05-28 14:45:03,282 [Thread-63: 13412]C:\Program Files\Python\Lib\site-packages\django\core\servers\basehttp.py:log_message:154 INFO - "GET /api/v1.0/service/image/list HTTP/1.1" 200 329
2019-05-28 14:45:04,343 [Thread-64: 8236]C:\Program Files\Python\Lib\site-packages\django\db\backends\utils.py:execute:110 DEBUG - (0.009) SELECT @@SQL_AUTO_IS_NULL; args=None
2019-05-28 14:45:04,353 [Thread-64: 8236]C:\Program Files\Python\Lib\site-packages\django\db\backends\utils.py:execute:110 DEBUG - (0.009) SET SESSION TRANSACTION ISOLATION LEVEL READ COMMITTED; args=None
2019-05-28 14:45:04,367 [Thread-64: 8236]C:\Program Files\Python\Lib\site-packages\django\db\backends\utils.py:execute:110 DEBUG - (0.014) SELECT `apis_app`.`appid`, `apis_app`.`category`, `apis_app`.`application`, `apis_app`.`name`, `apis_app`.`publish_date`, `apis_app`.`url`, `apis_app`.`desc` FROM `apis_app`; args=()
2019-05-28 14:45:04,369 [Thread-64: 8236]C:\Program Files\Python\Lib\site-packages\django\core\servers\basehttp.py:log_message:154 INFO - "GET /api/v1.0/service/menu/list HTTP/1.1" 200 1126
2019-05-28 14:45:04,376 [Thread-65: 18028]C:\Program Files\Python\Lib\site-packages\django\core\servers\basehttp.py:log_message:154 INFO - "GET /api/v1.0/service/image/list HTTP/1.1" 200 329
2019-05-28 14:45:05,458 [Thread-66: 13320]C:\Program Files\Python\Lib\site-packages\django\db\backends\utils.py:execute:110 DEBUG - (0.011) SELECT @@SQL_AUTO_IS_NULL; args=None
2019-05-28 14:45:05,469 [Thread-66: 13320]C:\Program Files\Python\Lib\site-packages\django\db\backends\utils.py:execute:110 DEBUG - (0.011) SET SESSION TRANSACTION ISOLATION LEVEL READ COMMITTED; args=None
2019-05-28 14:45:05,484 [Thread-66: 13320]C:\Program Files\Python\Lib\site-packages\django\db\backends\utils.py:execute:110 DEBUG - (0.015) SELECT `apis_app`.`appid`, `apis_app`.`category`, `apis_app`.`application`, `apis_app`.`name`, `apis_app`.`publish_date`, `apis_app`.`url`, `apis_app`.`desc` FROM `apis_app`; args=()
2019-05-28 14:45:05,486 [Thread-66: 13320]C:\Program Files\Python\Lib\site-packages\django\core\servers\basehttp.py:log_message:154 INFO - "GET /api/v1.0/service/menu/list HTTP/1.1" 200 1126
2019-05-28 14:45:05,514 [Thread-67: 11416]C:\Program Files\Python\Lib\site-packages\django\core\servers\basehttp.py:log_message:154 INFO - "GET /api/v1.0/service/image/list HTTP/1.1" 200 329
2019-05-28 14:45:06,616 [Thread-68: 9204]C:\Program Files\Python\Lib\site-packages\django\db\backends\utils.py:execute:110 DEBUG - (0.011) SELECT @@SQL_AUTO_IS_NULL; args=None
2019-05-28 14:45:06,629 [Thread-68: 9204]C:\Program Files\Python\Lib\site-packages\django\db\backends\utils.py:execute:110 DEBUG - (0.013) SET SESSION TRANSACTION ISOLATION LEVEL READ COMMITTED; args=None
2019-05-28 14:45:06,643 [Thread-68: 9204]C:\Program Files\Python\Lib\site-packages\django\db\backends\utils.py:execute:110 DEBUG - (0.014) SELECT `apis_app`.`appid`, `apis_app`.`category`, `apis_app`.`application`, `apis_app`.`name`, `apis_app`.`publish_date`, `apis_app`.`url`, `apis_app`.`desc` FROM `apis_app`; args=()
2019-05-28 14:45:06,645 [Thread-68: 9204]C:\Program Files\Python\Lib\site-packages\django\core\servers\basehttp.py:log_message:154 INFO - "GET /api/v1.0/service/menu/list HTTP/1.1" 200 1126
2019-05-28 14:45:06,655 [Thread-69: 6196]C:\Program Files\Python\Lib\site-packages\django\core\servers\basehttp.py:log_message:154 INFO - "GET /api/v1.0/service/image/list HTTP/1.1" 200 329
2019-05-28 14:45:07,722 [Thread-70: 1212]C:\Program Files\Python\Lib\site-packages\django\db\backends\utils.py:execute:110 DEBUG - (0.009) SELECT @@SQL_AUTO_IS_NULL; args=None
2019-05-28 14:45:07,730 [Thread-70: 1212]C:\Program Files\Python\Lib\site-packages\django\db\backends\utils.py:execute:110 DEBUG - (0.007) SET SESSION TRANSACTION ISOLATION LEVEL READ COMMITTED; args=None
2019-05-28 14:45:07,741 [Thread-70: 1212]C:\Program Files\Python\Lib\site-packages\django\db\backends\utils.py:execute:110 DEBUG - (0.010) SELECT `apis_app`.`appid`, `apis_app`.`category`, `apis_app`.`application`, `apis_app`.`name`, `apis_app`.`publish_date`, `apis_app`.`url`, `apis_app`.`desc` FROM `apis_app`; args=()
2019-05-28 14:45:07,743 [Thread-70: 1212]C:\Program Files\Python\Lib\site-packages\django\core\servers\basehttp.py:log_message:154 INFO - "GET /api/v1.0/service/menu/list HTTP/1.1" 200 1126
2019-05-28 14:45:07,753 [Thread-71: 22556]C:\Program Files\Python\Lib\site-packages\django\core\servers\basehttp.py:log_message:154 INFO - "GET /api/v1.0/service/image/list HTTP/1.1" 200 329
2019-05-28 14:45:08,838 [Thread-72: 9636]C:\Program Files\Python\Lib\site-packages\django\db\backends\utils.py:execute:110 DEBUG - (0.011) SELECT @@SQL_AUTO_IS_NULL; args=None
2019-05-28 14:45:08,852 [Thread-72: 9636]C:\Program Files\Python\Lib\site-packages\django\db\backends\utils.py:execute:110 DEBUG - (0.014) SET SESSION TRANSACTION ISOLATION LEVEL READ COMMITTED; args=None
2019-05-28 14:45:08,864 [Thread-72: 9636]C:\Program Files\Python\Lib\site-packages\django\db\backends\utils.py:execute:110 DEBUG - (0.012) SELECT `apis_app`.`appid`, `apis_app`.`category`, `apis_app`.`application`, `apis_app`.`name`, `apis_app`.`publish_date`, `apis_app`.`url`, `apis_app`.`desc` FROM `apis_app`; args=()
2019-05-28 14:45:08,867 [Thread-72: 9636]C:\Program Files\Python\Lib\site-packages\django\core\servers\basehttp.py:log_message:154 INFO - "GET /api/v1.0/service/menu/list HTTP/1.1" 200 1126
2019-05-28 14:45:08,876 [Thread-73: 17716]C:\Program Files\Python\Lib\site-packages\django\core\servers\basehttp.py:log_message:154 INFO - "GET /api/v1.0/service/image/list HTTP/1.1" 200 329
2019-05-28 14:45:09,960 [Thread-74: 20204]C:\Program Files\Python\Lib\site-packages\django\db\backends\utils.py:execute:110 DEBUG - (0.015) SELECT @@SQL_AUTO_IS_NULL; args=None
2019-05-28 14:45:09,976 [Thread-74: 20204]C:\Program Files\Python\Lib\site-packages\django\db\backends\utils.py:execute:110 DEBUG - (0.016) SET SESSION TRANSACTION ISOLATION LEVEL READ COMMITTED; args=None
2019-05-28 14:45:09,990 [Thread-74: 20204]C:\Program Files\Python\Lib\site-packages\django\db\backends\utils.py:execute:110 DEBUG - (0.013) SELECT `apis_app`.`appid`, `apis_app`.`category`, `apis_app`.`application`, `apis_app`.`name`, `apis_app`.`publish_date`, `apis_app`.`url`, `apis_app`.`desc` FROM `apis_app`; args=()
2019-05-28 14:45:09,992 [Thread-74: 20204]C:\Program Files\Python\Lib\site-packages\django\core\servers\basehttp.py:log_message:154 INFO - "GET /api/v1.0/service/menu/list HTTP/1.1" 200 1126
2019-05-28 14:45:09,999 [Thread-75: 21864]C:\Program Files\Python\Lib\site-packages\django\core\servers\basehttp.py:log_message:154 INFO - "GET /api/v1.0/service/image/list HTTP/1.1" 200 329
2019-05-28 14:45:11,069 [Thread-76: 23464]C:\Program Files\Python\Lib\site-packages\django\db\backends\utils.py:execute:110 DEBUG - (0.010) SELECT @@SQL_AUTO_IS_NULL; args=None
2019-05-28 14:45:11,079 [Thread-76: 23464]C:\Program Files\Python\Lib\site-packages\django\db\backends\utils.py:execute:110 DEBUG - (0.009) SET SESSION TRANSACTION ISOLATION LEVEL READ COMMITTED; args=None
2019-05-28 14:45:11,091 [Thread-76: 23464]C:\Program Files\Python\Lib\site-packages\django\db\backends\utils.py:execute:110 DEBUG - (0.011) SELECT `apis_app`.`appid`, `apis_app`.`category`, `apis_app`.`application`, `apis_app`.`name`, `apis_app`.`publish_date`, `apis_app`.`url`, `apis_app`.`desc` FROM `apis_app`; args=()
2019-05-28 14:45:11,093 [Thread-76: 23464]C:\Program Files\Python\Lib\site-packages\django\core\servers\basehttp.py:log_message:154 INFO - "GET /api/v1.0/service/menu/list HTTP/1.1" 200 1126
2019-05-28 14:45:11,102 [Thread-77: 11092]C:\Program Files\Python\Lib\site-packages\django\core\servers\basehttp.py:log_message:154 INFO - "GET /api/v1.0/service/image/list HTTP/1.1" 200 329
2019-05-28 14:45:12,173 [Thread-78: 18532]C:\Program Files\Python\Lib\site-packages\django\db\backends\utils.py:execute:110 DEBUG - (0.015) SELECT @@SQL_AUTO_IS_NULL; args=None
2019-05-28 14:45:12,183 [Thread-78: 18532]C:\Program Files\Python\Lib\site-packages\django\db\backends\utils.py:execute:110 DEBUG - (0.009) SET SESSION TRANSACTION ISOLATION LEVEL READ COMMITTED; args=None
2019-05-28 14:45:12,195 [Thread-78: 18532]C:\Program Files\Python\Lib\site-packages\django\db\backends\utils.py:execute:110 DEBUG - (0.012) SELECT `apis_app`.`appid`, `apis_app`.`category`, `apis_app`.`application`, `apis_app`.`name`, `apis_app`.`publish_date`, `apis_app`.`url`, `apis_app`.`desc` FROM `apis_app`; args=()
2019-05-28 14:45:12,198 [Thread-78: 18532]C:\Program Files\Python\Lib\site-packages\django\core\servers\basehttp.py:log_message:154 INFO - "GET /api/v1.0/service/menu/list HTTP/1.1" 200 1126
2019-05-28 14:45:12,218 [Thread-79: 22736]C:\Program Files\Python\Lib\site-packages\django\core\servers\basehttp.py:log_message:154 INFO - "GET /api/v1.0/service/image/list HTTP/1.1" 200 329
2019-05-28 14:45:13,307 [Thread-80: 19712]C:\Program Files\Python\Lib\site-packages\django\db\backends\utils.py:execute:110 DEBUG - (0.010) SELECT @@SQL_AUTO_IS_NULL; args=None
2019-05-28 14:45:13,317 [Thread-80: 19712]C:\Program Files\Python\Lib\site-packages\django\db\backends\utils.py:execute:110 DEBUG - (0.009) SET SESSION TRANSACTION ISOLATION LEVEL READ COMMITTED; args=None
2019-05-28 14:45:13,332 [Thread-80: 19712]C:\Program Files\Python\Lib\site-packages\django\db\backends\utils.py:execute:110 DEBUG - (0.015) SELECT `apis_app`.`appid`, `apis_app`.`category`, `apis_app`.`application`, `apis_app`.`name`, `apis_app`.`publish_date`, `apis_app`.`url`, `apis_app`.`desc` FROM `apis_app`; args=()
2019-05-28 14:45:13,334 [Thread-80: 19712]C:\Program Files\Python\Lib\site-packages\django\core\servers\basehttp.py:log_message:154 INFO - "GET /api/v1.0/service/menu/list HTTP/1.1" 200 1126
2019-05-28 14:45:13,343 [Thread-81: 1764]C:\Program Files\Python\Lib\site-packages\django\core\servers\basehttp.py:log_message:154 INFO - "GET /api/v1.0/service/image/list HTTP/1.1" 200 329
2019-05-28 14:45:14,415 [Thread-82: 20512]C:\Program Files\Python\Lib\site-packages\django\db\backends\utils.py:execute:110 DEBUG - (0.014) SELECT @@SQL_AUTO_IS_NULL; args=None
2019-05-28 14:45:14,427 [Thread-82: 20512]C:\Program Files\Python\Lib\site-packages\django\db\backends\utils.py:execute:110 DEBUG - (0.012) SET SESSION TRANSACTION ISOLATION LEVEL READ COMMITTED; args=None
2019-05-28 14:45:14,439 [Thread-82: 20512]C:\Program Files\Python\Lib\site-packages\django\db\backends\utils.py:execute:110 DEBUG - (0.011) SELECT `apis_app`.`appid`, `apis_app`.`category`, `apis_app`.`application`, `apis_app`.`name`, `apis_app`.`publish_date`, `apis_app`.`url`, `apis_app`.`desc` FROM `apis_app`; args=()
2019-05-28 14:45:14,441 [Thread-82: 20512]C:\Program Files\Python\Lib\site-packages\django\core\servers\basehttp.py:log_message:154 INFO - "GET /api/v1.0/service/menu/list HTTP/1.1" 200 1126
2019-05-28 14:45:14,449 [Thread-83: 13884]C:\Program Files\Python\Lib\site-packages\django\core\servers\basehttp.py:log_message:154 INFO - "GET /api/v1.0/service/image/list HTTP/1.1" 200 329
2019-05-28 14:45:15,524 [Thread-84: 23280]C:\Program Files\Python\Lib\site-packages\django\db\backends\utils.py:execute:110 DEBUG - (0.013) SELECT @@SQL_AUTO_IS_NULL; args=None
2019-05-28 14:45:15,535 [Thread-84: 23280]C:\Program Files\Python\Lib\site-packages\django\db\backends\utils.py:execute:110 DEBUG - (0.011) SET SESSION TRANSACTION ISOLATION LEVEL READ COMMITTED; args=None
2019-05-28 14:45:15,552 [Thread-84: 23280]C:\Program Files\Python\Lib\site-packages\django\db\backends\utils.py:execute:110 DEBUG - (0.016) SELECT `apis_app`.`appid`, `apis_app`.`category`, `apis_app`.`application`, `apis_app`.`name`, `apis_app`.`publish_date`, `apis_app`.`url`, `apis_app`.`desc` FROM `apis_app`; args=()
2019-05-28 14:45:15,554 [Thread-84: 23280]C:\Program Files\Python\Lib\site-packages\django\core\servers\basehttp.py:log_message:154 INFO - "GET /api/v1.0/service/menu/list HTTP/1.1" 200 1126
2019-05-28 14:45:15,561 [Thread-85: 22932]C:\Program Files\Python\Lib\site-packages\django\core\servers\basehttp.py:log_message:154 INFO - "GET /api/v1.0/service/image/list HTTP/1.1" 200 329
2019-05-28 14:45:16,622 [Thread-86: 14420]C:\Program Files\Python\Lib\site-packages\django\db\backends\utils.py:execute:110 DEBUG - (0.008) SELECT @@SQL_AUTO_IS_NULL; args=None
2019-05-28 14:45:16,631 [Thread-86: 14420]C:\Program Files\Python\Lib\site-packages\django\db\backends\utils.py:execute:110 DEBUG - (0.008) SET SESSION TRANSACTION ISOLATION LEVEL READ COMMITTED; args=None
2019-05-28 14:45:16,641 [Thread-86: 14420]C:\Program Files\Python\Lib\site-packages\django\db\backends\utils.py:execute:110 DEBUG - (0.010) SELECT `apis_app`.`appid`, `apis_app`.`category`, `apis_app`.`application`, `apis_app`.`name`, `apis_app`.`publish_date`, `apis_app`.`url`, `apis_app`.`desc` FROM `apis_app`; args=()
2019-05-28 14:45:16,644 [Thread-86: 14420]C:\Program Files\Python\Lib\site-packages\django\core\servers\basehttp.py:log_message:154 INFO - "GET /api/v1.0/service/menu/list HTTP/1.1" 200 1126
2019-05-28 14:45:16,651 [Thread-87: 21212]C:\Program Files\Python\Lib\site-packages\django\core\servers\basehttp.py:log_message:154 INFO - "GET /api/v1.0/service/image/list HTTP/1.1" 200 329
2019-05-28 14:45:17,720 [Thread-88: 3528]C:\Program Files\Python\Lib\site-packages\django\db\backends\utils.py:execute:110 DEBUG - (0.010) SELECT @@SQL_AUTO_IS_NULL; args=None
2019-05-28 14:45:17,736 [Thread-88: 3528]C:\Program Files\Python\Lib\site-packages\django\db\backends\utils.py:execute:110 DEBUG - (0.016) SET SESSION TRANSACTION ISOLATION LEVEL READ COMMITTED; args=None
2019-05-28 14:45:17,747 [Thread-88: 3528]C:\Program Files\Python\Lib\site-packages\django\db\backends\utils.py:execute:110 DEBUG - (0.011) SELECT `apis_app`.`appid`, `apis_app`.`category`, `apis_app`.`application`, `apis_app`.`name`, `apis_app`.`publish_date`, `apis_app`.`url`, `apis_app`.`desc` FROM `apis_app`; args=()
2019-05-28 14:45:17,749 [Thread-88: 3528]C:\Program Files\Python\Lib\site-packages\django\core\servers\basehttp.py:log_message:154 INFO - "GET /api/v1.0/service/menu/list HTTP/1.1" 200 1126
2019-05-28 14:45:17,757 [Thread-89: 2012]C:\Program Files\Python\Lib\site-packages\django\core\servers\basehttp.py:log_message:154 INFO - "GET /api/v1.0/service/image/list HTTP/1.1" 200 329
2019-05-28 14:45:18,833 [Thread-90: 15232]C:\Program Files\Python\Lib\site-packages\django\db\backends\utils.py:execute:110 DEBUG - (0.010) SELECT @@SQL_AUTO_IS_NULL; args=None
2019-05-28 14:45:18,842 [Thread-90: 15232]C:\Program Files\Python\Lib\site-packages\django\db\backends\utils.py:execute:110 DEBUG - (0.008) SET SESSION TRANSACTION ISOLATION LEVEL READ COMMITTED; args=None
2019-05-28 14:45:18,862 [Thread-90: 15232]C:\Program Files\Python\Lib\site-packages\django\db\backends\utils.py:execute:110 DEBUG - (0.019) SELECT `apis_app`.`appid`, `apis_app`.`category`, `apis_app`.`application`, `apis_app`.`name`, `apis_app`.`publish_date`, `apis_app`.`url`, `apis_app`.`desc` FROM `apis_app`; args=()
2019-05-28 14:45:18,863 [Thread-90: 15232]C:\Program Files\Python\Lib\site-packages\django\core\servers\basehttp.py:log_message:154 INFO - "GET /api/v1.0/service/menu/list HTTP/1.1" 200 1126
2019-05-28 14:45:18,870 [Thread-91: 6496]C:\Program Files\Python\Lib\site-packages\django\core\servers\basehttp.py:log_message:154 INFO - "GET /api/v1.0/service/image/list HTTP/1.1" 200 329
2019-05-28 14:45:19,933 [Thread-92: 20184]C:\Program Files\Python\Lib\site-packages\django\db\backends\utils.py:execute:110 DEBUG - (0.012) SELECT @@SQL_AUTO_IS_NULL; args=None
2019-05-28 14:45:19,940 [Thread-92: 20184]C:\Program Files\Python\Lib\site-packages\django\db\backends\utils.py:execute:110 DEBUG - (0.007) SET SESSION TRANSACTION ISOLATION LEVEL READ COMMITTED; args=None
2019-05-28 14:45:19,953 [Thread-92: 20184]C:\Program Files\Python\Lib\site-packages\django\db\backends\utils.py:execute:110 DEBUG - (0.012) SELECT `apis_app`.`appid`, `apis_app`.`category`, `apis_app`.`application`, `apis_app`.`name`, `apis_app`.`publish_date`, `apis_app`.`url`, `apis_app`.`desc` FROM `apis_app`; args=()
2019-05-28 14:45:19,955 [Thread-92: 20184]C:\Program Files\Python\Lib\site-packages\django\core\servers\basehttp.py:log_message:154 INFO - "GET /api/v1.0/service/menu/list HTTP/1.1" 200 1126
2019-05-28 14:45:19,963 [Thread-93: 19756]C:\Program Files\Python\Lib\site-packages\django\core\servers\basehttp.py:log_message:154 INFO - "GET /api/v1.0/service/image/list HTTP/1.1" 200 329
2019-05-28 14:45:21,024 [Thread-94: 20540]C:\Program Files\Python\Lib\site-packages\django\db\backends\utils.py:execute:110 DEBUG - (0.009) SELECT @@SQL_AUTO_IS_NULL; args=None
2019-05-28 14:45:21,032 [Thread-94: 20540]C:\Program Files\Python\Lib\site-packages\django\db\backends\utils.py:execute:110 DEBUG - (0.008) SET SESSION TRANSACTION ISOLATION LEVEL READ COMMITTED; args=None
2019-05-28 14:45:21,041 [Thread-94: 20540]C:\Program Files\Python\Lib\site-packages\django\db\backends\utils.py:execute:110 DEBUG - (0.009) SELECT `apis_app`.`appid`, `apis_app`.`category`, `apis_app`.`application`, `apis_app`.`name`, `apis_app`.`publish_date`, `apis_app`.`url`, `apis_app`.`desc` FROM `apis_app`; args=()
2019-05-28 14:45:21,043 [Thread-94: 20540]C:\Program Files\Python\Lib\site-packages\django\core\servers\basehttp.py:log_message:154 INFO - "GET /api/v1.0/service/menu/list HTTP/1.1" 200 1126
2019-05-28 14:45:21,054 [Thread-95: 2636]C:\Program Files\Python\Lib\site-packages\django\core\servers\basehttp.py:log_message:154 INFO - "GET /api/v1.0/service/image/list HTTP/1.1" 200 329
2019-05-28 14:45:22,137 [Thread-96: 8880]C:\Program Files\Python\Lib\site-packages\django\db\backends\utils.py:execute:110 DEBUG - (0.016) SELECT @@SQL_AUTO_IS_NULL; args=None
2019-05-28 14:45:22,150 [Thread-96: 8880]C:\Program Files\Python\Lib\site-packages\django\db\backends\utils.py:execute:110 DEBUG - (0.012) SET SESSION TRANSACTION ISOLATION LEVEL READ COMMITTED; args=None
2019-05-28 14:45:22,162 [Thread-96: 8880]C:\Program Files\Python\Lib\site-packages\django\db\backends\utils.py:execute:110 DEBUG - (0.011) SELECT `apis_app`.`appid`, `apis_app`.`category`, `apis_app`.`application`, `apis_app`.`name`, `apis_app`.`publish_date`, `apis_app`.`url`, `apis_app`.`desc` FROM `apis_app`; args=()
2019-05-28 14:45:22,165 [Thread-96: 8880]C:\Program Files\Python\Lib\site-packages\django\core\servers\basehttp.py:log_message:154 INFO - "GET /api/v1.0/service/menu/list HTTP/1.1" 200 1126
2019-05-28 14:45:22,182 [Thread-97: 19156]C:\Program Files\Python\Lib\site-packages\django\core\servers\basehttp.py:log_message:154 INFO - "GET /api/v1.0/service/image/list HTTP/1.1" 200 329
2019-05-28 14:45:23,262 [Thread-98: 20012]C:\Program Files\Python\Lib\site-packages\django\db\backends\utils.py:execute:110 DEBUG - (0.012) SELECT @@SQL_AUTO_IS_NULL; args=None
2019-05-28 14:45:23,270 [Thread-98: 20012]C:\Program Files\Python\Lib\site-packages\django\db\backends\utils.py:execute:110 DEBUG - (0.007) SET SESSION TRANSACTION ISOLATION LEVEL READ COMMITTED; args=None
2019-05-28 14:45:23,282 [Thread-98: 20012]C:\Program Files\Python\Lib\site-packages\django\db\backends\utils.py:execute:110 DEBUG - (0.011) SELECT `apis_app`.`appid`, `apis_app`.`category`, `apis_app`.`application`, `apis_app`.`name`, `apis_app`.`publish_date`, `apis_app`.`url`, `apis_app`.`desc` FROM `apis_app`; args=()
2019-05-28 14:45:23,284 [Thread-98: 20012]C:\Program Files\Python\Lib\site-packages\django\core\servers\basehttp.py:log_message:154 INFO - "GET /api/v1.0/service/menu/list HTTP/1.1" 200 1126
2019-05-28 14:45:23,298 [Thread-99: 20640]C:\Program Files\Python\Lib\site-packages\django\core\servers\basehttp.py:log_message:154 INFO - "GET /api/v1.0/service/image/list HTTP/1.1" 200 329
2019-05-28 14:45:24,373 [Thread-100: 15552]C:\Program Files\Python\Lib\site-packages\django\db\backends\utils.py:execute:110 DEBUG - (0.010) SELECT @@SQL_AUTO_IS_NULL; args=None
2019-05-28 14:45:24,388 [Thread-100: 15552]C:\Program Files\Python\Lib\site-packages\django\db\backends\utils.py:execute:110 DEBUG - (0.014) SET SESSION TRANSACTION ISOLATION LEVEL READ COMMITTED; args=None
2019-05-28 14:45:24,401 [Thread-100: 15552]C:\Program Files\Python\Lib\site-packages\django\db\backends\utils.py:execute:110 DEBUG - (0.013) SELECT `apis_app`.`appid`, `apis_app`.`category`, `apis_app`.`application`, `apis_app`.`name`, `apis_app`.`publish_date`, `apis_app`.`url`, `apis_app`.`desc` FROM `apis_app`; args=()
2019-05-28 14:45:24,403 [Thread-100: 15552]C:\Program Files\Python\Lib\site-packages\django\core\servers\basehttp.py:log_message:154 INFO - "GET /api/v1.0/service/menu/list HTTP/1.1" 200 1126
2019-05-28 14:45:24,413 [Thread-101: 9208]C:\Program Files\Python\Lib\site-packages\django\core\servers\basehttp.py:log_message:154 INFO - "GET /api/v1.0/service/image/list HTTP/1.1" 200 329
2019-05-28 14:45:25,499 [Thread-102: 22216]C:\Program Files\Python\Lib\site-packages\django\db\backends\utils.py:execute:110 DEBUG - (0.009) SELECT @@SQL_AUTO_IS_NULL; args=None
2019-05-28 14:45:25,512 [Thread-102: 22216]C:\Program Files\Python\Lib\site-packages\django\db\backends\utils.py:execute:110 DEBUG - (0.013) SET SESSION TRANSACTION ISOLATION LEVEL READ COMMITTED; args=None
2019-05-28 14:45:25,524 [Thread-102: 22216]C:\Program Files\Python\Lib\site-packages\django\db\backends\utils.py:execute:110 DEBUG - (0.011) SELECT `apis_app`.`appid`, `apis_app`.`category`, `apis_app`.`application`, `apis_app`.`name`, `apis_app`.`publish_date`, `apis_app`.`url`, `apis_app`.`desc` FROM `apis_app`; args=()
2019-05-28 14:45:25,525 [Thread-102: 22216]C:\Program Files\Python\Lib\site-packages\django\core\servers\basehttp.py:log_message:154 INFO - "GET /api/v1.0/service/menu/list HTTP/1.1" 200 1126
2019-05-28 14:45:25,535 [Thread-103: 22588]C:\Program Files\Python\Lib\site-packages\django\core\servers\basehttp.py:log_message:154 INFO - "GET /api/v1.0/service/image/list HTTP/1.1" 200 329
2019-05-28 14:45:26,611 [Thread-104: 20804]C:\Program Files\Python\Lib\site-packages\django\db\backends\utils.py:execute:110 DEBUG - (0.010) SELECT @@SQL_AUTO_IS_NULL; args=None
2019-05-28 14:45:26,623 [Thread-104: 20804]C:\Program Files\Python\Lib\site-packages\django\db\backends\utils.py:execute:110 DEBUG - (0.011) SET SESSION TRANSACTION ISOLATION LEVEL READ COMMITTED; args=None
2019-05-28 14:45:26,636 [Thread-104: 20804]C:\Program Files\Python\Lib\site-packages\django\db\backends\utils.py:execute:110 DEBUG - (0.012) SELECT `apis_app`.`appid`, `apis_app`.`category`, `apis_app`.`application`, `apis_app`.`name`, `apis_app`.`publish_date`, `apis_app`.`url`, `apis_app`.`desc` FROM `apis_app`; args=()
2019-05-28 14:45:26,638 [Thread-104: 20804]C:\Program Files\Python\Lib\site-packages\django\core\servers\basehttp.py:log_message:154 INFO - "GET /api/v1.0/service/menu/list HTTP/1.1" 200 1126
2019-05-28 14:45:26,647 [Thread-105: 16404]C:\Program Files\Python\Lib\site-packages\django\core\servers\basehttp.py:log_message:154 INFO - "GET /api/v1.0/service/image/list HTTP/1.1" 200 329
2019-05-28 14:45:27,713 [Thread-106: 13028]C:\Program Files\Python\Lib\site-packages\django\db\backends\utils.py:execute:110 DEBUG - (0.008) SELECT @@SQL_AUTO_IS_NULL; args=None
2019-05-28 14:45:27,726 [Thread-106: 13028]C:\Program Files\Python\Lib\site-packages\django\db\backends\utils.py:execute:110 DEBUG - (0.012) SET SESSION TRANSACTION ISOLATION LEVEL READ COMMITTED; args=None
2019-05-28 14:45:27,739 [Thread-106: 13028]C:\Program Files\Python\Lib\site-packages\django\db\backends\utils.py:execute:110 DEBUG - (0.013) SELECT `apis_app`.`appid`, `apis_app`.`category`, `apis_app`.`application`, `apis_app`.`name`, `apis_app`.`publish_date`, `apis_app`.`url`, `apis_app`.`desc` FROM `apis_app`; args=()
2019-05-28 14:45:27,740 [Thread-106: 13028]C:\Program Files\Python\Lib\site-packages\django\core\servers\basehttp.py:log_message:154 INFO - "GET /api/v1.0/service/menu/list HTTP/1.1" 200 1126
2019-05-28 14:45:27,750 [Thread-107: 20508]C:\Program Files\Python\Lib\site-packages\django\core\servers\basehttp.py:log_message:154 INFO - "GET /api/v1.0/service/image/list HTTP/1.1" 200 329
2019-05-28 14:45:28,820 [Thread-108: 23096]C:\Program Files\Python\Lib\site-packages\django\db\backends\utils.py:execute:110 DEBUG - (0.010) SELECT @@SQL_AUTO_IS_NULL; args=None
2019-05-28 14:45:28,830 [Thread-108: 23096]C:\Program Files\Python\Lib\site-packages\django\db\backends\utils.py:execute:110 DEBUG - (0.010) SET SESSION TRANSACTION ISOLATION LEVEL READ COMMITTED; args=None
2019-05-28 14:45:28,844 [Thread-108: 23096]C:\Program Files\Python\Lib\site-packages\django\db\backends\utils.py:execute:110 DEBUG - (0.014) SELECT `apis_app`.`appid`, `apis_app`.`category`, `apis_app`.`application`, `apis_app`.`name`, `apis_app`.`publish_date`, `apis_app`.`url`, `apis_app`.`desc` FROM `apis_app`; args=()
2019-05-28 14:45:28,846 [Thread-108: 23096]C:\Program Files\Python\Lib\site-packages\django\core\servers\basehttp.py:log_message:154 INFO - "GET /api/v1.0/service/menu/list HTTP/1.1" 200 1126
2019-05-28 14:45:28,856 [Thread-109: 14156]C:\Program Files\Python\Lib\site-packages\django\core\servers\basehttp.py:log_message:154 INFO - "GET /api/v1.0/service/image/list HTTP/1.1" 200 329
2019-05-28 14:45:29,941 [Thread-110: 10140]C:\Program Files\Python\Lib\site-packages\django\db\backends\utils.py:execute:110 DEBUG - (0.012) SELECT @@SQL_AUTO_IS_NULL; args=None
2019-05-28 14:45:29,951 [Thread-110: 10140]C:\Program Files\Python\Lib\site-packages\django\db\backends\utils.py:execute:110 DEBUG - (0.010) SET SESSION TRANSACTION ISOLATION LEVEL READ COMMITTED; args=None
2019-05-28 14:45:29,964 [Thread-110: 10140]C:\Program Files\Python\Lib\site-packages\django\db\backends\utils.py:execute:110 DEBUG - (0.012) SELECT `apis_app`.`appid`, `apis_app`.`category`, `apis_app`.`application`, `apis_app`.`name`, `apis_app`.`publish_date`, `apis_app`.`url`, `apis_app`.`desc` FROM `apis_app`; args=()
2019-05-28 14:45:29,966 [Thread-110: 10140]C:\Program Files\Python\Lib\site-packages\django\core\servers\basehttp.py:log_message:154 INFO - "GET /api/v1.0/service/menu/list HTTP/1.1" 200 1126
2019-05-28 14:45:29,976 [Thread-111: 15256]C:\Program Files\Python\Lib\site-packages\django\core\servers\basehttp.py:log_message:154 INFO - "GET /api/v1.0/service/image/list HTTP/1.1" 200 329
2019-05-28 14:45:31,067 [Thread-112: 20912]C:\Program Files\Python\Lib\site-packages\django\db\backends\utils.py:execute:110 DEBUG - (0.008) SELECT @@SQL_AUTO_IS_NULL; args=None
2019-05-28 14:45:31,077 [Thread-112: 20912]C:\Program Files\Python\Lib\site-packages\django\db\backends\utils.py:execute:110 DEBUG - (0.009) SET SESSION TRANSACTION ISOLATION LEVEL READ COMMITTED; args=None
2019-05-28 14:45:31,088 [Thread-112: 20912]C:\Program Files\Python\Lib\site-packages\django\db\backends\utils.py:execute:110 DEBUG - (0.010) SELECT `apis_app`.`appid`, `apis_app`.`category`, `apis_app`.`application`, `apis_app`.`name`, `apis_app`.`publish_date`, `apis_app`.`url`, `apis_app`.`desc` FROM `apis_app`; args=()
2019-05-28 14:45:31,091 [Thread-112: 20912]C:\Program Files\Python\Lib\site-packages\django\core\servers\basehttp.py:log_message:154 INFO - "GET /api/v1.0/service/menu/list HTTP/1.1" 200 1126
2019-05-28 14:45:31,099 [Thread-113: 17480]C:\Program Files\Python\Lib\site-packages\django\core\servers\basehttp.py:log_message:154 INFO - "GET /api/v1.0/service/image/list HTTP/1.1" 200 329
2019-05-28 14:45:32,185 [Thread-114: 13204]C:\Program Files\Python\Lib\site-packages\django\db\backends\utils.py:execute:110 DEBUG - (0.014) SELECT @@SQL_AUTO_IS_NULL; args=None
2019-05-28 14:45:32,196 [Thread-114: 13204]C:\Program Files\Python\Lib\site-packages\django\db\backends\utils.py:execute:110 DEBUG - (0.010) SET SESSION TRANSACTION ISOLATION LEVEL READ COMMITTED; args=None
2019-05-28 14:45:32,208 [Thread-114: 13204]C:\Program Files\Python\Lib\site-packages\django\db\backends\utils.py:execute:110 DEBUG - (0.012) SELECT `apis_app`.`appid`, `apis_app`.`category`, `apis_app`.`application`, `apis_app`.`name`, `apis_app`.`publish_date`, `apis_app`.`url`, `apis_app`.`desc` FROM `apis_app`; args=()
2019-05-28 14:45:32,210 [Thread-114: 13204]C:\Program Files\Python\Lib\site-packages\django\core\servers\basehttp.py:log_message:154 INFO - "GET /api/v1.0/service/menu/list HTTP/1.1" 200 1126
2019-05-28 14:45:32,217 [Thread-115: 22612]C:\Program Files\Python\Lib\site-packages\django\core\servers\basehttp.py:log_message:154 INFO - "GET /api/v1.0/service/image/list HTTP/1.1" 200 329
2019-05-28 14:45:33,299 [Thread-116: 6672]C:\Program Files\Python\Lib\site-packages\django\db\backends\utils.py:execute:110 DEBUG - (0.009) SELECT @@SQL_AUTO_IS_NULL; args=None
2019-05-28 14:45:33,308 [Thread-116: 6672]C:\Program Files\Python\Lib\site-packages\django\db\backends\utils.py:execute:110 DEBUG - (0.008) SET SESSION TRANSACTION ISOLATION LEVEL READ COMMITTED; args=None
2019-05-28 14:45:33,320 [Thread-116: 6672]C:\Program Files\Python\Lib\site-packages\django\db\backends\utils.py:execute:110 DEBUG - (0.011) SELECT `apis_app`.`appid`, `apis_app`.`category`, `apis_app`.`application`, `apis_app`.`name`, `apis_app`.`publish_date`, `apis_app`.`url`, `apis_app`.`desc` FROM `apis_app`; args=()
2019-05-28 14:45:33,323 [Thread-116: 6672]C:\Program Files\Python\Lib\site-packages\django\core\servers\basehttp.py:log_message:154 INFO - "GET /api/v1.0/service/menu/list HTTP/1.1" 200 1126
2019-05-28 14:45:33,374 [Thread-117: 20496]C:\Program Files\Python\Lib\site-packages\django\core\servers\basehttp.py:log_message:154 INFO - "GET /api/v1.0/service/image/list HTTP/1.1" 200 329
2019-05-28 14:45:34,461 [Thread-118: 18888]C:\Program Files\Python\Lib\site-packages\django\db\backends\utils.py:execute:110 DEBUG - (0.012) SELECT @@SQL_AUTO_IS_NULL; args=None
2019-05-28 14:45:34,473 [Thread-118: 18888]C:\Program Files\Python\Lib\site-packages\django\db\backends\utils.py:execute:110 DEBUG - (0.012) SET SESSION TRANSACTION ISOLATION LEVEL READ COMMITTED; args=None
2019-05-28 14:45:34,486 [Thread-118: 18888]C:\Program Files\Python\Lib\site-packages\django\db\backends\utils.py:execute:110 DEBUG - (0.012) SELECT `apis_app`.`appid`, `apis_app`.`category`, `apis_app`.`application`, `apis_app`.`name`, `apis_app`.`publish_date`, `apis_app`.`url`, `apis_app`.`desc` FROM `apis_app`; args=()
2019-05-28 14:45:34,489 [Thread-118: 18888]C:\Program Files\Python\Lib\site-packages\django\core\servers\basehttp.py:log_message:154 INFO - "GET /api/v1.0/service/menu/list HTTP/1.1" 200 1126
2019-05-28 14:45:34,501 [Thread-119: 16952]C:\Program Files\Python\Lib\site-packages\django\core\servers\basehttp.py:log_message:154 INFO - "GET /api/v1.0/service/image/list HTTP/1.1" 200 329
2019-05-28 14:45:35,584 [Thread-120: 16152]C:\Program Files\Python\Lib\site-packages\django\db\backends\utils.py:execute:110 DEBUG - (0.011) SELECT @@SQL_AUTO_IS_NULL; args=None
2019-05-28 14:45:35,595 [Thread-120: 16152]C:\Program Files\Python\Lib\site-packages\django\db\backends\utils.py:execute:110 DEBUG - (0.011) SET SESSION TRANSACTION ISOLATION LEVEL READ COMMITTED; args=None
2019-05-28 14:45:35,614 [Thread-120: 16152]C:\Program Files\Python\Lib\site-packages\django\db\backends\utils.py:execute:110 DEBUG - (0.019) SELECT `apis_app`.`appid`, `apis_app`.`category`, `apis_app`.`application`, `apis_app`.`name`, `apis_app`.`publish_date`, `apis_app`.`url`, `apis_app`.`desc` FROM `apis_app`; args=()
2019-05-28 14:45:35,615 [Thread-120: 16152]C:\Program Files\Python\Lib\site-packages\django\core\servers\basehttp.py:log_message:154 INFO - "GET /api/v1.0/service/menu/list HTTP/1.1" 200 1126
2019-05-28 14:45:35,624 [Thread-121: 21328]C:\Program Files\Python\Lib\site-packages\django\core\servers\basehttp.py:log_message:154 INFO - "GET /api/v1.0/service/image/list HTTP/1.1" 200 329
2019-05-28 14:45:36,698 [Thread-122: 15300]C:\Program Files\Python\Lib\site-packages\django\db\backends\utils.py:execute:110 DEBUG - (0.013) SELECT @@SQL_AUTO_IS_NULL; args=None
2019-05-28 14:45:36,706 [Thread-122: 15300]C:\Program Files\Python\Lib\site-packages\django\db\backends\utils.py:execute:110 DEBUG - (0.007) SET SESSION TRANSACTION ISOLATION LEVEL READ COMMITTED; args=None
2019-05-28 14:45:36,717 [Thread-122: 15300]C:\Program Files\Python\Lib\site-packages\django\db\backends\utils.py:execute:110 DEBUG - (0.010) SELECT `apis_app`.`appid`, `apis_app`.`category`, `apis_app`.`application`, `apis_app`.`name`, `apis_app`.`publish_date`, `apis_app`.`url`, `apis_app`.`desc` FROM `apis_app`; args=()
2019-05-28 14:45:36,719 [Thread-122: 15300]C:\Program Files\Python\Lib\site-packages\django\core\servers\basehttp.py:log_message:154 INFO - "GET /api/v1.0/service/menu/list HTTP/1.1" 200 1126
2019-05-28 14:45:36,728 [Thread-123: 8100]C:\Program Files\Python\Lib\site-packages\django\core\servers\basehttp.py:log_message:154 INFO - "GET /api/v1.0/service/image/list HTTP/1.1" 200 329
2019-05-28 14:45:37,803 [Thread-124: 17184]C:\Program Files\Python\Lib\site-packages\django\db\backends\utils.py:execute:110 DEBUG - (0.013) SELECT @@SQL_AUTO_IS_NULL; args=None
2019-05-28 14:45:37,812 [Thread-124: 17184]C:\Program Files\Python\Lib\site-packages\django\db\backends\utils.py:execute:110 DEBUG - (0.008) SET SESSION TRANSACTION ISOLATION LEVEL READ COMMITTED; args=None
2019-05-28 14:45:37,823 [Thread-124: 17184]C:\Program Files\Python\Lib\site-packages\django\db\backends\utils.py:execute:110 DEBUG - (0.011) SELECT `apis_app`.`appid`, `apis_app`.`category`, `apis_app`.`application`, `apis_app`.`name`, `apis_app`.`publish_date`, `apis_app`.`url`, `apis_app`.`desc` FROM `apis_app`; args=()
2019-05-28 14:45:37,825 [Thread-124: 17184]C:\Program Files\Python\Lib\site-packages\django\core\servers\basehttp.py:log_message:154 INFO - "GET /api/v1.0/service/menu/list HTTP/1.1" 200 1126
2019-05-28 14:45:37,832 [Thread-125: 22368]C:\Program Files\Python\Lib\site-packages\django\core\servers\basehttp.py:log_message:154 INFO - "GET /api/v1.0/service/image/list HTTP/1.1" 200 329
2019-05-28 14:45:38,909 [Thread-126: 9128]C:\Program Files\Python\Lib\site-packages\django\db\backends\utils.py:execute:110 DEBUG - (0.010) SELECT @@SQL_AUTO_IS_NULL; args=None
2019-05-28 14:45:38,922 [Thread-126: 9128]C:\Program Files\Python\Lib\site-packages\django\db\backends\utils.py:execute:110 DEBUG - (0.012) SET SESSION TRANSACTION ISOLATION LEVEL READ COMMITTED; args=None
2019-05-28 14:45:38,937 [Thread-126: 9128]C:\Program Files\Python\Lib\site-packages\django\db\backends\utils.py:execute:110 DEBUG - (0.014) SELECT `apis_app`.`appid`, `apis_app`.`category`, `apis_app`.`application`, `apis_app`.`name`, `apis_app`.`publish_date`, `apis_app`.`url`, `apis_app`.`desc` FROM `apis_app`; args=()
2019-05-28 14:45:38,939 [Thread-126: 9128]C:\Program Files\Python\Lib\site-packages\django\core\servers\basehttp.py:log_message:154 INFO - "GET /api/v1.0/service/menu/list HTTP/1.1" 200 1126
2019-05-28 14:45:38,960 [Thread-127: 8168]C:\Program Files\Python\Lib\site-packages\django\core\servers\basehttp.py:log_message:154 INFO - "GET /api/v1.0/service/image/list HTTP/1.1" 200 329
2019-05-28 14:45:40,037 [Thread-128: 15972]C:\Program Files\Python\Lib\site-packages\django\db\backends\utils.py:execute:110 DEBUG - (0.011) SELECT @@SQL_AUTO_IS_NULL; args=None
2019-05-28 14:45:40,049 [Thread-128: 15972]C:\Program Files\Python\Lib\site-packages\django\db\backends\utils.py:execute:110 DEBUG - (0.011) SET SESSION TRANSACTION ISOLATION LEVEL READ COMMITTED; args=None
2019-05-28 14:45:40,064 [Thread-128: 15972]C:\Program Files\Python\Lib\site-packages\django\db\backends\utils.py:execute:110 DEBUG - (0.014) SELECT `apis_app`.`appid`, `apis_app`.`category`, `apis_app`.`application`, `apis_app`.`name`, `apis_app`.`publish_date`, `apis_app`.`url`, `apis_app`.`desc` FROM `apis_app`; args=()
2019-05-28 14:45:40,067 [Thread-128: 15972]C:\Program Files\Python\Lib\site-packages\django\core\servers\basehttp.py:log_message:154 INFO - "GET /api/v1.0/service/menu/list HTTP/1.1" 200 1126
2019-05-28 14:45:40,082 [Thread-129: 22428]C:\Program Files\Python\Lib\site-packages\django\core\servers\basehttp.py:log_message:154 INFO - "GET /api/v1.0/service/image/list HTTP/1.1" 200 329
2019-05-28 14:45:41,141 [Thread-130: 20860]C:\Program Files\Python\Lib\site-packages\django\db\backends\utils.py:execute:110 DEBUG - (0.009) SELECT @@SQL_AUTO_IS_NULL; args=None
2019-05-28 14:45:41,150 [Thread-130: 20860]C:\Program Files\Python\Lib\site-packages\django\db\backends\utils.py:execute:110 DEBUG - (0.008) SET SESSION TRANSACTION ISOLATION LEVEL READ COMMITTED; args=None
2019-05-28 14:45:41,161 [Thread-130: 20860]C:\Program Files\Python\Lib\site-packages\django\db\backends\utils.py:execute:110 DEBUG - (0.011) SELECT `apis_app`.`appid`, `apis_app`.`category`, `apis_app`.`application`, `apis_app`.`name`, `apis_app`.`publish_date`, `apis_app`.`url`, `apis_app`.`desc` FROM `apis_app`; args=()
2019-05-28 14:45:41,162 [Thread-130: 20860]C:\Program Files\Python\Lib\site-packages\django\core\servers\basehttp.py:log_message:154 INFO - "GET /api/v1.0/service/menu/list HTTP/1.1" 200 1126
2019-05-28 14:45:41,170 [Thread-131: 10492]C:\Program Files\Python\Lib\site-packages\django\core\servers\basehttp.py:log_message:154 INFO - "GET /api/v1.0/service/image/list HTTP/1.1" 200 329
2019-05-28 14:45:42,258 [Thread-132: 23072]C:\Program Files\Python\Lib\site-packages\django\db\backends\utils.py:execute:110 DEBUG - (0.014) SELECT @@SQL_AUTO_IS_NULL; args=None
2019-05-28 14:45:42,270 [Thread-132: 23072]C:\Program Files\Python\Lib\site-packages\django\db\backends\utils.py:execute:110 DEBUG - (0.011) SET SESSION TRANSACTION ISOLATION LEVEL READ COMMITTED; args=None
2019-05-28 14:45:42,284 [Thread-132: 23072]C:\Program Files\Python\Lib\site-packages\django\db\backends\utils.py:execute:110 DEBUG - (0.013) SELECT `apis_app`.`appid`, `apis_app`.`category`, `apis_app`.`application`, `apis_app`.`name`, `apis_app`.`publish_date`, `apis_app`.`url`, `apis_app`.`desc` FROM `apis_app`; args=()
2019-05-28 14:45:42,286 [Thread-132: 23072]C:\Program Files\Python\Lib\site-packages\django\core\servers\basehttp.py:log_message:154 INFO - "GET /api/v1.0/service/menu/list HTTP/1.1" 200 1126
2019-05-28 14:45:42,294 [Thread-133: 4932]C:\Program Files\Python\Lib\site-packages\django\core\servers\basehttp.py:log_message:154 INFO - "GET /api/v1.0/service/image/list HTTP/1.1" 200 329
2019-05-28 14:45:43,379 [Thread-134: 22028]C:\Program Files\Python\Lib\site-packages\django\db\backends\utils.py:execute:110 DEBUG - (0.012) SELECT @@SQL_AUTO_IS_NULL; args=None
2019-05-28 14:45:43,394 [Thread-134: 22028]C:\Program Files\Python\Lib\site-packages\django\db\backends\utils.py:execute:110 DEBUG - (0.015) SET SESSION TRANSACTION ISOLATION LEVEL READ COMMITTED; args=None
2019-05-28 14:45:43,410 [Thread-134: 22028]C:\Program Files\Python\Lib\site-packages\django\db\backends\utils.py:execute:110 DEBUG - (0.015) SELECT `apis_app`.`appid`, `apis_app`.`category`, `apis_app`.`application`, `apis_app`.`name`, `apis_app`.`publish_date`, `apis_app`.`url`, `apis_app`.`desc` FROM `apis_app`; args=()
2019-05-28 14:45:43,412 [Thread-134: 22028]C:\Program Files\Python\Lib\site-packages\django\core\servers\basehttp.py:log_message:154 INFO - "GET /api/v1.0/service/menu/list HTTP/1.1" 200 1126
2019-05-28 14:45:43,423 [Thread-135: 17604]C:\Program Files\Python\Lib\site-packages\django\core\servers\basehttp.py:log_message:154 INFO - "GET /api/v1.0/service/image/list HTTP/1.1" 200 329
2019-05-28 14:48:58,249 [MainThread: 2680]D:/Project/Django/test_weather/cron/jobs.py:report_by_email:67 INFO - Begin statistics data.
2019-05-28 14:49:11,655 [MainThread: 20496]D:/Project/Django/test_weather/cron/jobs.py:report_by_email:67 INFO - Begin statistics data.
2019-05-28 14:49:21,824 [MainThread: 12568]D:/Project/Django/test_weather/cron/jobs.py:report_by_email:67 INFO - Begin statistics data.
2019-05-28 14:50:31,235 [MainThread: 15472]D:/Project/Django/test_weather/cron/jobs.py:report_by_email:67 INFO - Begin statistics data.
2019-05-28 14:50:31,241 [MainThread: 15472]D:/Project/Django/test_weather/cron/jobs.py:report_by_email:70 INFO - End statistics data.
2019-05-28 14:50:32,616 [MainThread: 15472]D:/Project/Django/test_weather/cron/jobs.py:report_by_email:80 INFO - Send monitor Email success.
